<?xml version="1.0" encoding="UTF-8"?>
<!-- Generated by org.testng.reporters.JUnitReportReporter -->
<testsuite hostname="LAPTOP-8S8J5EDE" failures="0" tests="1" name="com.crm.qa.testcases.PropertiesPageTest" time="21.515" errors="0" timestamp="2023-06-21T13:05:39 IST" skipped="0">
  <testcase classname="com.crm.qa.testcases.PropertiesPageTest" name="sortedPricelistTest" time="21.515"/>
  <system-out/>
</testsuite> <!-- com.crm.qa.testcases.PropertiesPageTest -->
